# JRE version: OpenJDK Runtime Environment (8.0_242-b01) (build 1.8.0_242-release-1644-b01)
# Java VM: OpenJDK 64-Bit Server VM (25.242-b01 mixed mode windows-amd64 compressed oops)
Heap:
 PSYoungGen      total 273920K, used 205527K [0x00000000eab00000, 0x0000000100000000, 0x0000000100000000)
  eden space 207872K, 75% used [0x00000000eab00000,0x00000000f4443190,0x00000000f7600000)
  from space 66048K, 73% used [0x00000000fbf80000,0x00000000feef2b60,0x0000000100000000)
  to   space 70656K, 0% used [0x00000000f7600000,0x00000000f7600000,0x00000000fbb00000)
 ParOldGen       total 347136K, used 165770K [0x00000000c0000000, 0x00000000d5300000, 0x00000000eab00000)
  object space 347136K, 47% used [0x00000000c0000000,0x00000000ca1e2858,0x00000000d5300000)
 Metaspace       used 103587K, capacity 110208K, committed 110336K, reserved 1144832K
  class space    used 14202K, capacity 15537K, committed 15616K, reserved 1048576K
GC Heap History (10 events):
Event: 73.978 GC heap before
{Heap before GC invocations=14 (full 3):
 PSYoungGen      total 310272K, used 310264K [0x00000000eab00000, 0x0000000100000000, 0x0000000100000000)
  eden space 292864K, 100% used [0x00000000eab00000,0x00000000fc900000,0x00000000fc900000)
  from space 17408K, 99% used [0x00000000fef00000,0x00000000ffffe060,0x0000000100000000)
  to   space 28160K, 0% used [0x00000000fc900000,0x00000000fc900000,0x00000000fe480000)
 ParOldGen       total 146432K, used 49668K [0x00000000c0000000, 0x00000000c8f00000, 0x00000000eab00000)
  object space 146432K, 33% used [0x00000000c0000000,0x00000000c30813a0,0x00000000c8f00000)
 Metaspace       used 78981K, capacity 83560K, committed 83840K, reserved 1122304K
  class space    used 10643K, capacity 11563K, committed 11648K, reserved 1048576K
Event: 74.010 GC heap after
Heap after GC invocations=14 (full 3):
 PSYoungGen      total 315392K, used 22119K [0x00000000eab00000, 0x0000000100000000, 0x0000000100000000)
  eden space 292864K, 0% used [0x00000000eab00000,0x00000000eab00000,0x00000000fc900000)
  from space 22528K, 98% used [0x00000000fc900000,0x00000000fde99d00,0x00000000fdf00000)
  to   space 30208K, 0% used [0x00000000fe280000,0x00000000fe280000,0x0000000100000000)
 ParOldGen       total 146432K, used 66554K [0x00000000c0000000, 0x00000000c8f00000, 0x00000000eab00000)
  object space 146432K, 45% used [0x00000000c0000000,0x00000000c40fea48,0x00000000c8f00000)
 Metaspace       used 78981K, capacity 83560K, committed 83840K, reserved 1122304K
  class space    used 10643K, capacity 11563K, committed 11648K, reserved 1048576K
}
Event: 83.509 GC heap before
{Heap before GC invocations=15 (full 3):
 PSYoungGen      total 315392K, used 314983K [0x00000000eab00000, 0x0000000100000000, 0x0000000100000000)
  eden space 292864K, 100% used [0x00000000eab00000,0x00000000fc900000,0x00000000fc900000)
  from space 22528K, 98% used [0x00000000fc900000,0x00000000fde99d00,0x00000000fdf00000)
  to   space 30208K, 0% used [0x00000000fe280000,0x00000000fe280000,0x0000000100000000)
 ParOldGen       total 146432K, used 67545K [0x00000000c0000000, 0x00000000c8f00000, 0x00000000eab00000)
  object space 146432K, 46% used [0x00000000c0000000,0x00000000c41f6770,0x00000000c8f00000)
 Metaspace       used 91931K, capacity 97142K, committed 97408K, reserved 1132544K
  class space    used 12383K, capacity 13413K, committed 13440K, reserved 1048576K
Event: 83.615 GC heap after
Heap after GC invocations=15 (full 3):
 PSYoungGen      total 246272K, used 30182K [0x00000000eab00000, 0x0000000100000000, 0x0000000100000000)
  eden space 216064K, 0% used [0x00000000eab00000,0x00000000eab00000,0x00000000f7e00000)
  from space 30208K, 99% used [0x00000000fe280000,0x00000000ffff9a70,0x0000000100000000)
  to   space 66560K, 0% used [0x00000000f7e00000,0x00000000f7e00000,0x00000000fbf00000)
 ParOldGen       total 186880K, used 153422K [0x00000000c0000000, 0x00000000cb680000, 0x00000000eab00000)
  object space 186880K, 82% used [0x00000000c0000000,0x00000000c95d3888,0x00000000cb680000)
 Metaspace       used 91931K, capacity 97142K, committed 97408K, reserved 1132544K
  class space    used 12383K, capacity 13413K, committed 13440K, reserved 1048576K
}
Event: 83.615 GC heap before
{Heap before GC invocations=16 (full 4):
 PSYoungGen      total 246272K, used 30182K [0x00000000eab00000, 0x0000000100000000, 0x0000000100000000)
  eden space 216064K, 0% used [0x00000000eab00000,0x00000000eab00000,0x00000000f7e00000)
  from space 30208K, 99% used [0x00000000fe280000,0x00000000ffff9a70,0x0000000100000000)
  to   space 66560K, 0% used [0x00000000f7e00000,0x00000000f7e00000,0x00000000fbf00000)
 ParOldGen       total 186880K, used 153422K [0x00000000c0000000, 0x00000000cb680000, 0x00000000eab00000)
  object space 186880K, 82% used [0x00000000c0000000,0x00000000c95d3888,0x00000000cb680000)
 Metaspace       used 91931K, capacity 97142K, committed 97408K, reserved 1132544K
  class space    used 12383K, capacity 13413K, committed 13440K, reserved 1048576K
Event: 83.999 GC heap after
Heap after GC invocations=16 (full 4):
 PSYoungGen      total 246272K, used 0K [0x00000000eab00000, 0x0000000100000000, 0x0000000100000000)
  eden space 216064K, 0% used [0x00000000eab00000,0x00000000eab00000,0x00000000f7e00000)
  from space 30208K, 0% used [0x00000000fe280000,0x00000000fe280000,0x0000000100000000)
  to   space 66560K, 0% used [0x00000000f7e00000,0x00000000f7e00000,0x00000000fbf00000)
 ParOldGen       total 347136K, used 165743K [0x00000000c0000000, 0x00000000d5300000, 0x00000000eab00000)
  object space 347136K, 47% used [0x00000000c0000000,0x00000000ca1dbf38,0x00000000d5300000)
 Metaspace       used 91841K, capacity 96884K, committed 97408K, reserved 1132544K
  class space    used 12354K, capacity 13362K, committed 13440K, reserved 1048576K
}
Event: 85.430 GC heap before
{Heap before GC invocations=17 (full 4):
 PSYoungGen      total 246272K, used 216064K [0x00000000eab00000, 0x0000000100000000, 0x0000000100000000)
  eden space 216064K, 100% used [0x00000000eab00000,0x00000000f7e00000,0x00000000f7e00000)
  from space 30208K, 0% used [0x00000000fe280000,0x00000000fe280000,0x0000000100000000)
  to   space 66560K, 0% used [0x00000000f7e00000,0x00000000f7e00000,0x00000000fbf00000)
 ParOldGen       total 347136K, used 165746K [0x00000000c0000000, 0x00000000d5300000, 0x00000000eab00000)
  object space 347136K, 47% used [0x00000000c0000000,0x00000000ca1dc858,0x00000000d5300000)
 Metaspace       used 100772K, capacity 107288K, committed 107520K, reserved 1142784K
  class space    used 13795K, capacity 15072K, committed 15104K, reserved 1048576K
Event: 85.457 GC heap after
Heap after GC invocations=17 (full 4):
 PSYoungGen      total 282624K, used 33755K [0x00000000eab00000, 0x0000000100000000, 0x0000000100000000)
  eden space 216064K, 0% used [0x00000000eab00000,0x00000000eab00000,0x00000000f7e00000)
  from space 66560K, 50% used [0x00000000f7e00000,0x00000000f9ef6e80,0x00000000fbf00000)
  to   space 66048K, 0% used [0x00000000fbf80000,0x00000000fbf80000,0x0000000100000000)
 ParOldGen       total 347136K, used 165754K [0x00000000c0000000, 0x00000000d5300000, 0x00000000eab00000)
  object space 347136K, 47% used [0x00000000c0000000,0x00000000ca1de858,0x00000000d5300000)
 Metaspace       used 100772K, capacity 107288K, committed 107520K, reserved 1142784K
  class space    used 13795K, capacity 15072K, committed 15104K, reserved 1048576K
}
Event: 89.264 GC heap before
{Heap before GC invocations=18 (full 4):
 PSYoungGen      total 282624K, used 224298K [0x00000000eab00000, 0x0000000100000000, 0x0000000100000000)
  eden space 216064K, 88% used [0x00000000eab00000,0x00000000f6513d68,0x00000000f7e00000)
  from space 66560K, 50% used [0x00000000f7e00000,0x00000000f9ef6e80,0x00000000fbf00000)
  to   space 66048K, 0% used [0x00000000fbf80000,0x00000000fbf80000,0x0000000100000000)
 ParOldGen       total 347136K, used 165754K [0x00000000c0000000, 0x00000000d5300000, 0x00000000eab00000)
  object space 347136K, 47% used [0x00000000c0000000,0x00000000ca1de858,0x00000000d5300000)
 Metaspace       used 103084K, capacity 109732K, committed 109952K, reserved 1144832K
  class space    used 14120K, capacity 15422K, committed 15488K, reserved 1048576K
Event: 89.289 GC heap after
Heap after GC invocations=18 (full 4):
 PSYoungGen      total 273920K, used 48586K [0x00000000eab00000, 0x0000000100000000, 0x0000000100000000)
  eden space 207872K, 0% used [0x00000000eab00000,0x00000000eab00000,0x00000000f7600000)
  from space 66048K, 73% used [0x00000000fbf80000,0x00000000feef2b60,0x0000000100000000)
  to   space 70656K, 0% used [0x00000000f7600000,0x00000000f7600000,0x00000000fbb00000)
 ParOldGen       total 347136K, used 165770K [0x00000000c0000000, 0x00000000d5300000, 0x00000000eab00000)
  object space 347136K, 47% used [0x00000000c0000000,0x00000000ca1e2858,0x00000000d5300000)
 Metaspace       used 103084K, capacity 109732K, committed 109952K, reserved 1144832K
  class space    used 14120K, capacity 15422K, committed 15488K, reserved 1048576K
}

