# JRE version: OpenJDK Runtime Environment (8.0_242-b01) (build 1.8.0_242-release-1644-b01)
# Java VM: OpenJDK 64-Bit Server VM (25.242-b01 mixed mode windows-amd64 compressed oops)
Heap:
 PSYoungGen      total 173056K, used 59959K [0x00000000eab00000, 0x00000000f6000000, 0x0000000100000000)
  eden space 160768K, 29% used [0x00000000eab00000,0x00000000ed991938,0x00000000f4800000)
  from space 12288K, 99% used [0x00000000f4800000,0x00000000f53fc558,0x00000000f5400000)
  to   space 9216K, 0% used [0x00000000f5700000,0x00000000f5700000,0x00000000f6000000)
 ParOldGen       total 85504K, used 25468K [0x00000000c0000000, 0x00000000c5380000, 0x00000000eab00000)
  object space 85504K, 29% used [0x00000000c0000000,0x00000000c18df3c8,0x00000000c5380000)
 Metaspace       used 51805K, capacity 53860K, committed 54016K, reserved 1095680K
  class space    used 6914K, capacity 7299K, committed 7424K, reserved 1048576K
GC Heap History (10 events):
Event: 5.314 GC heap before
{Heap before GC invocations=9 (full 1):
 PSYoungGen      total 76288K, used 65536K [0x00000000eab00000, 0x00000000f4000000, 0x0000000100000000)
  eden space 65536K, 100% used [0x00000000eab00000,0x00000000eeb00000,0x00000000eeb00000)
  from space 10752K, 0% used [0x00000000eeb00000,0x00000000eeb00000,0x00000000ef580000)
  to   space 10752K, 0% used [0x00000000f3580000,0x00000000f3580000,0x00000000f4000000)
 ParOldGen       total 53248K, used 7888K [0x00000000c0000000, 0x00000000c3400000, 0x00000000eab00000)
  object space 53248K, 14% used [0x00000000c0000000,0x00000000c07b42b0,0x00000000c3400000)
 Metaspace       used 28511K, capacity 29378K, committed 29696K, reserved 1075200K
  class space    used 4006K, capacity 4254K, committed 4352K, reserved 1048576K
Event: 5.322 GC heap after
Heap after GC invocations=9 (full 1):
 PSYoungGen      total 121856K, used 8379K [0x00000000eab00000, 0x00000000f3e00000, 0x0000000100000000)
  eden space 113152K, 0% used [0x00000000eab00000,0x00000000eab00000,0x00000000f1980000)
  from space 8704K, 96% used [0x00000000f3580000,0x00000000f3daeca8,0x00000000f3e00000)
  to   space 11264K, 0% used [0x00000000f2800000,0x00000000f2800000,0x00000000f3300000)
 ParOldGen       total 53248K, used 7896K [0x00000000c0000000, 0x00000000c3400000, 0x00000000eab00000)
  object space 53248K, 14% used [0x00000000c0000000,0x00000000c07b62b0,0x00000000c3400000)
 Metaspace       used 28511K, capacity 29378K, committed 29696K, reserved 1075200K
  class space    used 4006K, capacity 4254K, committed 4352K, reserved 1048576K
}
Event: 6.099 GC heap before
{Heap before GC invocations=10 (full 1):
 PSYoungGen      total 121856K, used 104258K [0x00000000eab00000, 0x00000000f3e00000, 0x0000000100000000)
  eden space 113152K, 84% used [0x00000000eab00000,0x00000000f08a1ce8,0x00000000f1980000)
  from space 8704K, 96% used [0x00000000f3580000,0x00000000f3daeca8,0x00000000f3e00000)
  to   space 11264K, 0% used [0x00000000f2800000,0x00000000f2800000,0x00000000f3300000)
 ParOldGen       total 53248K, used 7896K [0x00000000c0000000, 0x00000000c3400000, 0x00000000eab00000)
  object space 53248K, 14% used [0x00000000c0000000,0x00000000c07b62b0,0x00000000c3400000)
 Metaspace       used 34256K, capacity 35344K, committed 35456K, reserved 1079296K
  class space    used 4687K, capacity 4929K, committed 4992K, reserved 1048576K
Event: 6.120 GC heap after
Heap after GC invocations=10 (full 1):
 PSYoungGen      total 139264K, used 11249K [0x00000000eab00000, 0x00000000f6380000, 0x0000000100000000)
  eden space 128000K, 0% used [0x00000000eab00000,0x00000000eab00000,0x00000000f2800000)
  from space 11264K, 99% used [0x00000000f2800000,0x00000000f32fc718,0x00000000f3300000)
  to   space 12800K, 0% used [0x00000000f5700000,0x00000000f5700000,0x00000000f6380000)
 ParOldGen       total 53248K, used 8429K [0x00000000c0000000, 0x00000000c3400000, 0x00000000eab00000)
  object space 53248K, 15% used [0x00000000c0000000,0x00000000c083b678,0x00000000c3400000)
 Metaspace       used 34256K, capacity 35344K, committed 35456K, reserved 1079296K
  class space    used 4687K, capacity 4929K, committed 4992K, reserved 1048576K
}
Event: 6.120 GC heap before
{Heap before GC invocations=11 (full 2):
 PSYoungGen      total 139264K, used 11249K [0x00000000eab00000, 0x00000000f6380000, 0x0000000100000000)
  eden space 128000K, 0% used [0x00000000eab00000,0x00000000eab00000,0x00000000f2800000)
  from space 11264K, 99% used [0x00000000f2800000,0x00000000f32fc718,0x00000000f3300000)
  to   space 12800K, 0% used [0x00000000f5700000,0x00000000f5700000,0x00000000f6380000)
 ParOldGen       total 53248K, used 8429K [0x00000000c0000000, 0x00000000c3400000, 0x00000000eab00000)
  object space 53248K, 15% used [0x00000000c0000000,0x00000000c083b678,0x00000000c3400000)
 Metaspace       used 34256K, capacity 35344K, committed 35456K, reserved 1079296K
  class space    used 4687K, capacity 4929K, committed 4992K, reserved 1048576K
Event: 6.191 GC heap after
Heap after GC invocations=11 (full 2):
 PSYoungGen      total 139264K, used 0K [0x00000000eab00000, 0x00000000f6380000, 0x0000000100000000)
  eden space 128000K, 0% used [0x00000000eab00000,0x00000000eab00000,0x00000000f2800000)
  from space 11264K, 0% used [0x00000000f2800000,0x00000000f2800000,0x00000000f3300000)
  to   space 12800K, 0% used [0x00000000f5700000,0x00000000f5700000,0x00000000f6380000)
 ParOldGen       total 85504K, used 18461K [0x00000000c0000000, 0x00000000c5380000, 0x00000000eab00000)
  object space 85504K, 21% used [0x00000000c0000000,0x00000000c1207670,0x00000000c5380000)
 Metaspace       used 34256K, capacity 35344K, committed 35456K, reserved 1079296K
  class space    used 4687K, capacity 4929K, committed 4992K, reserved 1048576K
}
Event: 7.414 GC heap before
{Heap before GC invocations=12 (full 2):
 PSYoungGen      total 139264K, used 128000K [0x00000000eab00000, 0x00000000f6380000, 0x0000000100000000)
  eden space 128000K, 100% used [0x00000000eab00000,0x00000000f2800000,0x00000000f2800000)
  from space 11264K, 0% used [0x00000000f2800000,0x00000000f2800000,0x00000000f3300000)
  to   space 12800K, 0% used [0x00000000f5700000,0x00000000f5700000,0x00000000f6380000)
 ParOldGen       total 85504K, used 18461K [0x00000000c0000000, 0x00000000c5380000, 0x00000000eab00000)
  object space 85504K, 21% used [0x00000000c0000000,0x00000000c1207670,0x00000000c5380000)
 Metaspace       used 37660K, capacity 39348K, committed 39680K, reserved 1083392K
  class space    used 5152K, capacity 5519K, committed 5632K, reserved 1048576K
Event: 7.420 GC heap after
Heap after GC invocations=12 (full 2):
 PSYoungGen      total 169984K, used 6328K [0x00000000eab00000, 0x00000000f6000000, 0x0000000100000000)
  eden space 160768K, 0% used [0x00000000eab00000,0x00000000eab00000,0x00000000f4800000)
  from space 9216K, 68% used [0x00000000f5700000,0x00000000f5d2e060,0x00000000f6000000)
  to   space 12288K, 0% used [0x00000000f4800000,0x00000000f4800000,0x00000000f5400000)
 ParOldGen       total 85504K, used 18469K [0x00000000c0000000, 0x00000000c5380000, 0x00000000eab00000)
  object space 85504K, 21% used [0x00000000c0000000,0x00000000c1209670,0x00000000c5380000)
 Metaspace       used 37660K, capacity 39348K, committed 39680K, reserved 1083392K
  class space    used 5152K, capacity 5519K, committed 5632K, reserved 1048576K
}
Event: 8.990 GC heap before
{Heap before GC invocations=13 (full 2):
 PSYoungGen      total 169984K, used 167096K [0x00000000eab00000, 0x00000000f6000000, 0x0000000100000000)
  eden space 160768K, 100% used [0x00000000eab00000,0x00000000f4800000,0x00000000f4800000)
  from space 9216K, 68% used [0x00000000f5700000,0x00000000f5d2e060,0x00000000f6000000)
  to   space 12288K, 0% used [0x00000000f4800000,0x00000000f4800000,0x00000000f5400000)
 ParOldGen       total 85504K, used 18469K [0x00000000c0000000, 0x00000000c5380000, 0x00000000eab00000)
  object space 85504K, 21% used [0x00000000c0000000,0x00000000c1209670,0x00000000c5380000)
 Metaspace       used 51342K, capacity 53368K, committed 53632K, reserved 1095680K
  class space    used 6837K, capacity 7220K, committed 7296K, reserved 1048576K
Event: 9.007 GC heap after
Heap after GC invocations=13 (full 2):
 PSYoungGen      total 173056K, used 12273K [0x00000000eab00000, 0x00000000f6000000, 0x0000000100000000)
  eden space 160768K, 0% used [0x00000000eab00000,0x00000000eab00000,0x00000000f4800000)
  from space 12288K, 99% used [0x00000000f4800000,0x00000000f53fc558,0x00000000f5400000)
  to   space 9216K, 0% used [0x00000000f5700000,0x00000000f5700000,0x00000000f6000000)
 ParOldGen       total 85504K, used 25468K [0x00000000c0000000, 0x00000000c5380000, 0x00000000eab00000)
  object space 85504K, 29% used [0x00000000c0000000,0x00000000c18df3c8,0x00000000c5380000)
 Metaspace       used 51342K, capacity 53368K, committed 53632K, reserved 1095680K
  class space    used 6837K, capacity 7220K, committed 7296K, reserved 1048576K
}

